100.12.05 19:08 B D:\kitapweb\norodej\harboz.htm --> ftp.itfnoroloji.org /C:/Inetpub/wwwroot/noroloji/norodej harboz.htm
100.12.05 19:09 B D:\kitapweb\norodej\Image1.gif --> ftp.itfnoroloji.org /C:/Inetpub/wwwroot/noroloji/norodej Image1.gif
100.12.05 19:09 B D:\kitapweb\norodej\norodej.htm --> ftp.itfnoroloji.org /C:/Inetpub/wwwroot/noroloji/norodej norodej.htm
101.01.12 22:25 B D:\kitapweb\norodej\p2.jpg --> ftp.itfnoroloji.org /norodej p2.jpg
101.01.12 22:26 B D:\kitapweb\norodej\p3.jpg --> ftp.itfnoroloji.org /norodej p3.jpg
101.01.12 22:26 B D:\kitapweb\norodej\p4.jpg --> ftp.itfnoroloji.org /norodej p4.jpg
101.01.12 22:26 B D:\kitapweb\norodej\p5.jpg --> ftp.itfnoroloji.org /norodej p5.jpg
101.01.12 22:31 B D:\kitapweb\norodej\p1.gif <-- noroloji /norodej p1.gif
101.01.12 22:32 B D:\kitapweb\norodej\p6.gif <-- noroloji /norodej p6.gif
101.01.12 22:35 B D:\kitapweb\norodej\harboz.htm --> ftp.itfnoroloji.org /norodej harboz.htm
101.01.12 22:43 B D:\kitapweb\norodej\harboz.htm --> ftp.itfnoroloji.org /norodej harboz.htm
101.01.12 22:46 B D:\kitapweb\norodej\harboz.htm --> ftp.itfnoroloji.org /norodej harboz.htm
101.01.13 14:16 B D:\kitapweb\norodej\p5.jpg --> ftp.itfnoroloji.org /norodej p5.jpg
101.01.13 14:30 B D:\kitapweb\norodej\harboz.htm --> ftp.itfnoroloji.org /norodej harboz.htm
101.01.13 14:32 B D:\kitapweb\norodej\Image1.gif --> ftp.itfnoroloji.org /norodej Image1.gif
101.01.13 14:32 B D:\kitapweb\norodej\norodej.htm --> ftp.itfnoroloji.org /norodej norodej.htm
101.01.13 14:34 B D:\kitapweb\norodej\p1.gif --> ftp.itfnoroloji.org /norodej p1.gif
101.01.13 14:34 B D:\kitapweb\norodej\p2.htm --> ftp.itfnoroloji.org /norodej p2.htm
101.01.13 14:34 B D:\kitapweb\norodej\p2.jpg --> ftp.itfnoroloji.org /norodej p2.jpg
101.01.13 14:35 B D:\kitapweb\norodej\p3.jpg --> ftp.itfnoroloji.org /norodej p3.jpg
101.01.13 14:35 B D:\kitapweb\norodej\p4.jpg --> ftp.itfnoroloji.org /norodej p4.jpg
101.01.13 14:36 B D:\kitapweb\norodej\p5.jpg --> ftp.itfnoroloji.org /norodej p5.jpg
101.01.13 14:38 B D:\kitapweb\norodej\p6.gif --> ftp.itfnoroloji.org /norodej p6.gif
