100.12.14 21:34 B D:\kitapweb\mertas\anatomofizy.htm --> ftp.itfnoroloji.org /C:/InetPub/wwwroot/noroloji/mertas anatomofizy.htm
100.12.14 21:35 B D:\kitapweb\mertas\perif09a.jpg --> ftp.itfnoroloji.org /C:/InetPub/wwwroot/noroloji/mertas perif09a.jpg
100.12.14 21:35 B D:\kitapweb\mertas\PERIF_01.GIF --> ftp.itfnoroloji.org /C:/InetPub/wwwroot/noroloji/mertas PERIF_01.GIF
100.12.14 21:35 B D:\kitapweb\mertas\PERIF_02.GIF --> ftp.itfnoroloji.org /C:/InetPub/wwwroot/noroloji/mertas PERIF_02.GIF
100.12.14 21:36 B D:\kitapweb\mertas\PERIF_03.GIF --> ftp.itfnoroloji.org /C:/InetPub/wwwroot/noroloji/mertas PERIF_03.GIF
100.12.14 21:37 B D:\kitapweb\mertas\PERIF_04.GIF --> ftp.itfnoroloji.org /C:/InetPub/wwwroot/noroloji/mertas PERIF_04.GIF
100.12.14 21:37 B D:\kitapweb\mertas\PERIF_05.GIF --> ftp.itfnoroloji.org /C:/InetPub/wwwroot/noroloji/mertas PERIF_05.GIF
100.12.14 21:38 B D:\kitapweb\mertas\PERIF_06.GIF --> ftp.itfnoroloji.org /C:/InetPub/wwwroot/noroloji/mertas PERIF_06.GIF
100.12.14 21:38 B D:\kitapweb\mertas\PERIF_07.GIF --> ftp.itfnoroloji.org /C:/InetPub/wwwroot/noroloji/mertas PERIF_07.GIF
100.12.14 21:38 B D:\kitapweb\mertas\PERIF_08.GIF --> ftp.itfnoroloji.org /C:/InetPub/wwwroot/noroloji/mertas PERIF_08.GIF
100.12.14 21:40 B D:\kitapweb\mertas\perif_09.jpg --> ftp.itfnoroloji.org /C:/InetPub/wwwroot/noroloji/mertas perif_09.jpg
100.12.14 21:40 B D:\kitapweb\mertas\perif_10.gif --> ftp.itfnoroloji.org /C:/InetPub/wwwroot/noroloji/mertas perif_10.gif
100.12.14 21:41 B D:\kitapweb\mertas\perif_11.gif --> ftp.itfnoroloji.org /C:/InetPub/wwwroot/noroloji/mertas perif_11.gif
100.12.14 21:41 B D:\kitapweb\mertas\PERIF_12.GIF --> ftp.itfnoroloji.org /C:/InetPub/wwwroot/noroloji/mertas PERIF_12.GIF
100.12.14 21:42 B D:\kitapweb\mertas\PERIF_13.GIF --> ftp.itfnoroloji.org /C:/InetPub/wwwroot/noroloji/mertas PERIF_13.GIF
100.12.14 21:42 B D:\kitapweb\mertas\s2.htm --> ftp.itfnoroloji.org /C:/InetPub/wwwroot/noroloji/mertas s2.htm
100.12.14 21:42 B D:\kitapweb\mertas\s3.htm --> ftp.itfnoroloji.org /C:/InetPub/wwwroot/noroloji/mertas s3.htm
100.12.15 00:41 B D:\kitapweb\mertas\perif09a.jpg --> ftp.itfnoroloji.org /C:/InetPub/wwwroot/noroloji/mertas perif09a.jpg
100.12.15 00:41 B D:\kitapweb\mertas\Perif_01.gif --> ftp.itfnoroloji.org /C:/InetPub/wwwroot/noroloji/mertas Perif_01.gif
100.12.15 00:41 B D:\kitapweb\mertas\Perif_02.gif --> ftp.itfnoroloji.org /C:/InetPub/wwwroot/noroloji/mertas Perif_02.gif
100.12.15 00:42 B D:\kitapweb\mertas\Perif_03.gif --> ftp.itfnoroloji.org /C:/InetPub/wwwroot/noroloji/mertas Perif_03.gif
100.12.15 00:42 B D:\kitapweb\mertas\Perif_04.gif --> ftp.itfnoroloji.org /C:/InetPub/wwwroot/noroloji/mertas Perif_04.gif
100.12.15 00:42 B D:\kitapweb\mertas\Perif_05.gif --> ftp.itfnoroloji.org /C:/InetPub/wwwroot/noroloji/mertas Perif_05.gif
100.12.15 00:43 B D:\kitapweb\mertas\Perif_06.gif --> ftp.itfnoroloji.org /C:/InetPub/wwwroot/noroloji/mertas Perif_06.gif
100.12.15 00:44 B D:\kitapweb\mertas\Perif_07.gif --> ftp.itfnoroloji.org /C:/InetPub/wwwroot/noroloji/mertas Perif_07.gif
100.12.15 00:44 B D:\kitapweb\mertas\Perif_08.gif --> ftp.itfnoroloji.org /C:/InetPub/wwwroot/noroloji/mertas Perif_08.gif
100.12.15 00:44 B D:\kitapweb\mertas\perif_09.jpg --> ftp.itfnoroloji.org /C:/InetPub/wwwroot/noroloji/mertas perif_09.jpg
100.12.15 00:45 B D:\kitapweb\mertas\perif_10.gif --> ftp.itfnoroloji.org /C:/InetPub/wwwroot/noroloji/mertas perif_10.gif
100.12.15 00:45 B D:\kitapweb\mertas\perif_11.gif --> ftp.itfnoroloji.org /C:/InetPub/wwwroot/noroloji/mertas perif_11.gif
100.12.15 00:46 B D:\kitapweb\mertas\Perif_12.gif --> ftp.itfnoroloji.org /C:/InetPub/wwwroot/noroloji/mertas Perif_12.gif
100.12.15 00:46 B D:\kitapweb\mertas\Perif_13.gif --> ftp.itfnoroloji.org /C:/InetPub/wwwroot/noroloji/mertas Perif_13.gif
100.12.15 00:46 B D:\kitapweb\mertas\s2.htm --> ftp.itfnoroloji.org /C:/InetPub/wwwroot/noroloji/mertas s2.htm
100.12.15 00:46 B D:\kitapweb\mertas\s3.htm --> ftp.itfnoroloji.org /C:/InetPub/wwwroot/noroloji/mertas s3.htm
102.03.07 23:21 B D:\kitapweb\mertas\infection.htm --> ftp.itfnoroloji.org /d:/WebHosting/noroloji/infeksiyon infection.htm
