99.12.20 11:43 B C:\emg\trase\TRASE.gif --> www.turk-eegemg.org /home/www/turkee/trase TRASE.gif
99.12.20 11:43 B C:\emg\trase\trase.htm --> www.turk-eegemg.org /home/www/turkee/trase trase.htm
99.12.20 11:46 B C:\emg\trase\ulnar-santim.jpg --> www.turk-eegemg.org /home/www/turkee/trase ulnar-santim.jpg
100.01.22 11:26 B C:\emg\trase\trase1.htm --> www.turk-eegemg.org /home/www/turkee/trase trase1.htm
100.01.22 11:26 B C:\emg\trase\trase2.htm --> www.turk-eegemg.org /home/www/turkee/trase trase2.htm
100.01.22 11:26 B C:\emg\trase\trase3.htm --> www.turk-eegemg.org /home/www/turkee/trase trase3.htm
100.01.22 11:26 B C:\emg\trase\TRASE4.htm --> www.turk-eegemg.org /home/www/turkee/trase TRASE4.htm
100.01.22 11:26 B C:\emg\trase\trase5.htm --> www.turk-eegemg.org /home/www/turkee/trase trase5.htm
100.01.22 11:26 B C:\emg\trase\trase6.htm --> www.turk-eegemg.org /home/www/turkee/trase trase6.htm
100.01.25 23:25 B C:\emg\trase\kongre.htm --> www.turk-eegemg.org /home/www/turkee/kongre2000 kongre.htm
100.01.25 23:29 B C:\emg\trase\Dsc00008.jpg --> www.turk-eegemg.org /home/www/turkee/trase Dsc00008.jpg
100.01.26 20:03 B C:\emg\trase\Dsc00008.jpg --> www.turk-eegemg.org /home/www/turkee/trase Dsc00008.jpg
100.01.27 21:56 B C:\emg\trase\Dsc00008.jpg --> www.turk-eegemg.org /home/www/turkee/trase Dsc00008.jpg
100.01.27 22:00 B C:\emg\trase\trase.htm --> www.turk-eegemg.org /home/www/turkee/trase trase.htm
100.01.27 22:00 B C:\emg\trase\trase7.htm --> www.turk-eegemg.org /home/www/turkee/trase trase7.htm
100.01.30 12:14 B C:\emg\trase\trase6.htm <-- egenet /home/www/turkee/trase trase6.htm
100.01.30 12:15 B C:\emg\trase\trase7.htm --> www.turk-eegemg.org /home/www/turkee/trase trase7.htm
100.01.30 12:15 B C:\emg\trase\trase8.htm --> www.turk-eegemg.org /home/www/turkee/trase trase8.htm
100.01.30 12:26 B C:\emg\trase\rada.jpg --> www.turk-eegemg.org /home/www/turkee/trase rada.jpg
100.01.30 12:27 B C:\emg\trase\radb.jpg --> www.turk-eegemg.org /home/www/turkee/trase radb.jpg
100.01.30 12:29 B C:\emg\trase\radc.jpg --> www.turk-eegemg.org /home/www/turkee/trase radc.jpg
100.01.30 12:29 B C:\emg\trase\radd.jpg --> www.turk-eegemg.org /home/www/turkee/trase radd.jpg
100.01.30 12:30 B C:\emg\trase\trase.htm --> www.turk-eegemg.org /home/www/turkee/trase trase.htm
100.01.30 12:30 B C:\emg\trase\trase9.htm --> www.turk-eegemg.org /home/www/turkee/trase trase9.htm
100.02.03 21:17 B C:\emg\trase\trase7.htm --> www.turk-eegemg.org /home/www/turkee/trase trase7.htm
100.02.03 21:22 B C:\emg\trase\radyo artefaktý.jpg --> www.turk-eegemg.org /home/www/turkee/trase radyo artefaktý.jpg
100.02.03 21:25 B C:\emg\trase\trase.htm --> www.turk-eegemg.org /home/www/turkee/trase trase.htm
100.02.03 21:25 B C:\emg\trase\trase10.htm --> www.turk-eegemg.org /home/www/turkee/trase trase10.htm
100.02.15 22:26 B C:\emg\trase\Þekil a.jpg --> www.turk-eegemg.org /home/www/turkee/trase Þekil a.jpg
100.02.15 22:28 B C:\emg\trase\trase.htm --> www.turk-eegemg.org /home/www/turkee/trase trase.htm
100.02.15 22:28 B C:\emg\trase\trase11.htm --> www.turk-eegemg.org /home/www/turkee/trase trase11.htm
100.02.15 22:29 B C:\emg\trase\Þekil b.jpg --> www.turk-eegemg.org /home/www/turkee/trase Þekil b.jpg
100.02.15 22:37 B C:\emg\trase\trase11.htm --> www.turk-eegemg.org /home/www/turkee/trase trase11.htm
100.02.17 23:35 B C:\emg\trase\trase7.htm --> www.turk-eegemg.org /home/www/turkee/trase trase7.htm
100.02.23 17:56 B C:\emg\trase\botox.jpg --> www.turk-eegemg.org /home/www/turkee/trase botox.jpg
100.02.23 17:57 B C:\emg\trase\botox.jpg --> www.turk-eegemg.org /home/www/turkee/trase botox.jpg
100.02.23 17:59 B C:\emg\trase\lfcut.jpg --> www.turk-eegemg.org /home/www/turkee/trase lfcut.jpg
100.02.23 18:03 B C:\emg\trase\lfcut.jpg --> www.turk-eegemg.org /home/www/turkee/trase lfcut.jpg
100.02.23 18:05 B C:\emg\trase\lfcut.jpg --> www.turk-eegemg.org /home/www/turkee/trase lfcut.jpg
100.02.23 18:05 B C:\emg\trase\saphen.jpg --> www.turk-eegemg.org /home/www/turkee/trase saphen.jpg
100.02.23 18:07 B C:\emg\trase\saphen.jpg --> www.turk-eegemg.org /home/www/turkee/trase saphen.jpg
100.02.23 18:07 B C:\emg\trase\tempdisp.jpg --> www.turk-eegemg.org /home/www/turkee/trase tempdisp.jpg
100.02.23 18:09 B C:\emg\trase\trase.htm --> www.turk-eegemg.org /home/www/turkee/trase trase.htm
100.02.23 18:09 B C:\emg\trase\trase12.htm --> www.turk-eegemg.org /home/www/turkee/trase trase12.htm
100.02.23 18:09 B C:\emg\trase\trase13.htm --> www.turk-eegemg.org /home/www/turkee/trase trase13.htm
100.02.23 18:09 B C:\emg\trase\trase14.htm --> www.turk-eegemg.org /home/www/turkee/trase trase14.htm
100.02.25 21:38 B C:\emg\trase\fr.jpg --> www.turk-eegemg.org /home/www/turkee/trase fr.jpg
100.02.25 21:38 B C:\emg\trase\trase.htm --> www.turk-eegemg.org /home/www/turkee/trase trase.htm
100.02.25 21:38 B C:\emg\trase\trase15.htm --> www.turk-eegemg.org /home/www/turkee/trase trase15.htm
100.03.05 20:45 B C:\emg\trase\adalgas.jpg --> www.turk-eegemg.org /home/www/turkee/trase adalgas.jpg
100.03.05 20:46 B C:\emg\trase\stim.jpg --> www.turk-eegemg.org /home/www/turkee/trase stim.jpg
100.03.05 20:46 B C:\emg\trase\trase.htm --> www.turk-eegemg.org /home/www/turkee/trase trase.htm
100.03.05 20:46 B C:\emg\trase\trase16.htm --> www.turk-eegemg.org /home/www/turkee/trase trase16.htm
100.03.05 20:46 B C:\emg\trase\trase17.htm --> www.turk-eegemg.org /home/www/turkee/trase trase17.htm
100.03.05 20:48 B C:\emg\trase\trase16.htm --> www.turk-eegemg.org /home/www/turkee/trase trase16.htm
100.03.05 20:48 B C:\emg\trase\trase17.htm --> www.turk-eegemg.org /home/www/turkee/trase trase17.htm
100.03.15 17:50 B C:\emg\trase\t18.jpg --> www.turk-eegemg.org /home/www/turkee/trase t18.jpg
100.03.15 17:53 B C:\emg\trase\t19.jpg --> www.turk-eegemg.org /home/www/turkee/trase t19.jpg
100.03.15 17:54 B C:\emg\trase\trase.htm --> www.turk-eegemg.org /home/www/turkee/trase trase.htm
100.03.15 17:55 B C:\emg\trase\trase18.htm --> www.turk-eegemg.org /home/www/turkee/trase trase18.htm
100.03.15 17:55 B C:\emg\trase\trase19.htm --> www.turk-eegemg.org /home/www/turkee/trase trase19.htm
100.03.27 22:59 B C:\emg\trase\20a.jpg --> www.turk-eegemg.org /home/www/turkee/trase 20a.jpg
100.03.27 23:02 B C:\emg\trase\20a.jpg --> www.turk-eegemg.org /home/www/turkee/trase 20a.jpg
100.03.27 23:12 B C:\emg\trase\21.jpg --> www.turk-eegemg.org /home/www/turkee/trase 21.jpg
100.03.27 23:19 B C:\emg\trase\20a.jpg --> www.turk-eegemg.org /home/www/turkee/trase 20a.jpg
100.03.27 23:21 B C:\emg\trase\20b.jpg --> www.turk-eegemg.org /home/www/turkee/trase 20b.jpg
100.03.27 23:26 B C:\emg\trase\20b.jpg --> www.turk-eegemg.org /home/www/turkee/trase 20b.jpg
100.03.27 23:29 B C:\emg\trase\21.jpg --> www.turk-eegemg.org /home/www/turkee/trase 21.jpg
100.03.27 23:31 B C:\emg\trase\20d.jpg --> www.turk-eegemg.org /home/www/turkee/trase 20d.jpg
100.03.27 23:38 B C:\emg\trase\20c.jpg --> www.turk-eegemg.org /home/www/turkee/trase 20c.jpg
100.03.27 23:42 B C:\emg\trase\20c.jpg --> www.turk-eegemg.org /home/www/turkee/trase 20c.jpg
100.03.27 23:42 B C:\emg\trase\trase.htm --> www.turk-eegemg.org /home/www/turkee/trase trase.htm
100.03.27 23:43 B C:\emg\trase\trase20.htm --> www.turk-eegemg.org /home/www/turkee/trase trase20.htm
100.03.27 23:43 B C:\emg\trase\trase21.htm --> www.turk-eegemg.org /home/www/turkee/trase trase21.htm
100.03.28 00:06 B C:\emg\trase\20b.jpg --> www.turk-eegemg.org /home/www/turkee/trase 20b.jpg
100.04.02 21:34 B C:\emg\trase\22.jpg --> www.turk-eegemg.org /home/www/turkee/trase 22.jpg
100.04.02 21:35 B C:\emg\trase\trase.htm --> www.turk-eegemg.org /home/www/turkee/trase trase.htm
100.04.02 21:35 B C:\emg\trase\trase22.htm --> www.turk-eegemg.org /home/www/turkee/trase trase22.htm
100.04.02 21:36 B C:\emg\trase\trase.htm --> www.turk-eegemg.org /home/www/turkee/trase trase.htm
100.04.15 11:14 B C:\emg\trase\trase21.htm --> www.turk-eegemg.org /home/www/turkee/trase trase21.htm
100.04.15 11:14 B C:\emg\trase\trase23.htm --> www.turk-eegemg.org /home/www/turkee/trase trase23.htm
100.04.15 11:14 B C:\emg\trase\trase24.htm --> www.turk-eegemg.org /home/www/turkee/trase trase24.htm
100.04.15 11:14 B C:\emg\trase\trase25.htm --> www.turk-eegemg.org /home/www/turkee/trase trase25.htm
100.04.15 11:18 B C:\emg\trase\23.jpg --> www.turk-eegemg.org /home/www/turkee/trase 23.jpg
100.04.15 11:18 B C:\emg\trase\24a.jpg --> www.turk-eegemg.org /home/www/turkee/trase 24a.jpg
100.04.15 11:18 B C:\emg\trase\24b.jpg --> www.turk-eegemg.org /home/www/turkee/trase 24b.jpg
100.04.15 11:18 B C:\emg\trase\24c.jpg --> www.turk-eegemg.org /home/www/turkee/trase 24c.jpg
100.04.15 11:18 B C:\emg\trase\24d.jpg --> www.turk-eegemg.org /home/www/turkee/trase 24d.jpg
100.04.15 11:19 B C:\emg\trase\25a.jpg --> www.turk-eegemg.org /home/www/turkee/trase 25a.jpg
100.04.15 11:20 B C:\emg\trase\25b.jpg --> www.turk-eegemg.org /home/www/turkee/trase 25b.jpg
100.04.15 11:20 B C:\emg\trase\25c.jpg --> www.turk-eegemg.org /home/www/turkee/trase 25c.jpg
100.04.15 11:23 B C:\emg\trase\trase.htm --> www.turk-eegemg.org /home/www/turkee/trase trase.htm
100.04.15 11:31 B C:\emg\trase\20a.jpg --> ftp.tripod.com / 20a.jpg
100.04.15 11:31 B C:\emg\trase\20b.jpg --> ftp.tripod.com / 20b.jpg
100.04.15 11:31 B C:\emg\trase\20c.jpg --> ftp.tripod.com / 20c.jpg
100.04.15 11:31 B C:\emg\trase\20d.jpg --> ftp.tripod.com / 20d.jpg
100.04.15 11:31 B C:\emg\trase\21.jpg --> ftp.tripod.com / 21.jpg
100.04.15 11:32 B C:\emg\trase\22.jpg --> ftp.tripod.com / 22.jpg
100.04.15 11:32 B C:\emg\trase\23.jpg --> ftp.tripod.com / 23.jpg
100.04.15 11:32 B C:\emg\trase\24a.jpg --> ftp.tripod.com / 24a.jpg
100.04.15 11:32 B C:\emg\trase\24b.jpg --> ftp.tripod.com / 24b.jpg
100.04.15 11:32 B C:\emg\trase\24c.jpg --> ftp.tripod.com / 24c.jpg
100.04.15 11:32 B C:\emg\trase\24d.jpg --> ftp.tripod.com / 24d.jpg
100.04.15 11:32 B C:\emg\trase\25a.jpg --> ftp.tripod.com / 25a.jpg
100.04.15 11:33 B C:\emg\trase\25b.jpg --> ftp.tripod.com / 25b.jpg
100.04.15 11:33 B C:\emg\trase\25c.jpg --> ftp.tripod.com / 25c.jpg
100.04.15 11:33 B C:\emg\trase\aaa.bmp --> ftp.tripod.com / aaa.bmp
100.04.15 11:33 B C:\emg\trase\adalgas.jpg --> ftp.tripod.com / adalgas.jpg
100.04.15 11:34 B C:\emg\trase\bilekte.jpg --> ftp.tripod.com / bilekte.jpg
100.04.15 11:34 B C:\emg\trase\botox.jpg --> ftp.tripod.com / botox.jpg
100.04.15 11:34 B C:\emg\trase\Dsc00001.jpg --> ftp.tripod.com / Dsc00001.jpg
100.04.15 11:34 B C:\emg\trase\Dsc00008.jpg --> ftp.tripod.com / Dsc00008.jpg
100.04.15 11:34 B C:\emg\trase\Dsc00009.jpg --> ftp.tripod.com / Dsc00009.jpg
100.04.15 11:34 B C:\emg\trase\ekila.jpg --> ftp.tripod.com / ekila.jpg
100.04.15 11:35 B C:\emg\trase\ekilb.jpg --> ftp.tripod.com / ekilb.jpg
100.04.15 11:35 B C:\emg\trase\fr.jpg --> ftp.tripod.com / fr.jpg
100.04.15 11:35 B C:\emg\trase\greenred_marble.gif --> ftp.tripod.com / greenred_marble.gif
100.04.15 11:36 B C:\emg\trase\lfcut.jpg --> ftp.tripod.com / lfcut.jpg
100.04.15 11:36 B C:\emg\trase\lumb-interos.jpg --> ftp.tripod.com / lumb-interos.jpg
100.04.15 11:37 B C:\emg\trase\rada.jpg --> ftp.tripod.com / rada.jpg
100.04.15 11:37 B C:\emg\trase\radb.jpg --> ftp.tripod.com / radb.jpg
100.04.15 11:37 B C:\emg\trase\radc.jpg --> ftp.tripod.com / radc.jpg
100.04.15 11:37 B C:\emg\trase\radd.jpg --> ftp.tripod.com / radd.jpg
100.04.15 11:39 B C:\emg\trase\saphen.jpg --> ftp.tripod.com / saphen.jpg
100.04.15 11:39 B C:\emg\trase\ss.jpg --> ftp.tripod.com / ss.jpg
100.04.15 11:39 B C:\emg\trase\stim.jpg --> ftp.tripod.com / stim.jpg
100.04.15 11:39 B C:\emg\trase\t18.jpg --> ftp.tripod.com / t18.jpg
100.04.15 11:40 B C:\emg\trase\t19.jpg --> ftp.tripod.com / t19.jpg
100.04.15 11:40 B C:\emg\trase\tempdisp.jpg --> ftp.tripod.com / tempdisp.jpg
100.04.15 11:40 B C:\emg\trase\TRASE.gif --> ftp.tripod.com / TRASE.gif
100.04.15 11:40 B C:\emg\trase\trase.htm --> ftp.tripod.com / trase.htm
100.04.15 11:40 B C:\emg\trase\trase1.htm --> ftp.tripod.com / trase1.htm
100.04.15 11:40 B C:\emg\trase\trase10.htm --> ftp.tripod.com / trase10.htm
100.04.15 11:40 B C:\emg\trase\trase11.htm --> ftp.tripod.com / trase11.htm
100.04.15 11:40 B C:\emg\trase\trase12.htm --> ftp.tripod.com / trase12.htm
100.04.15 11:40 B C:\emg\trase\trase13.htm --> ftp.tripod.com / trase13.htm
100.04.15 11:40 B C:\emg\trase\trase14.htm --> ftp.tripod.com / trase14.htm
100.04.15 11:41 B C:\emg\trase\trase15.htm --> ftp.tripod.com / trase15.htm
100.04.15 11:41 B C:\emg\trase\trase16.htm --> ftp.tripod.com / trase16.htm
100.04.15 11:41 B C:\emg\trase\trase17.htm --> ftp.tripod.com / trase17.htm
100.04.15 11:41 B C:\emg\trase\trase18.htm --> ftp.tripod.com / trase18.htm
100.04.15 11:41 B C:\emg\trase\trase19.htm --> ftp.tripod.com / trase19.htm
100.04.15 11:41 B C:\emg\trase\trase2.htm --> ftp.tripod.com / trase2.htm
100.04.15 11:41 B C:\emg\trase\trase20.htm --> ftp.tripod.com / trase20.htm
100.04.15 11:42 B C:\emg\trase\trase21.htm --> ftp.tripod.com / trase21.htm
100.04.15 11:42 B C:\emg\trase\trase22.htm --> ftp.tripod.com / trase22.htm
100.04.15 11:42 B C:\emg\trase\trase23.htm --> ftp.tripod.com / trase23.htm
100.04.15 11:42 B C:\emg\trase\trase24.htm --> ftp.tripod.com / trase24.htm
100.04.15 11:42 B C:\emg\trase\trase25.htm --> ftp.tripod.com / trase25.htm
100.04.15 11:42 B C:\emg\trase\trase3.htm --> ftp.tripod.com / trase3.htm
100.04.15 11:42 B C:\emg\trase\TRASE4.htm --> ftp.tripod.com / TRASE4.htm
100.04.15 11:42 B C:\emg\trase\trase5.htm --> ftp.tripod.com / trase5.htm
100.04.15 11:43 B C:\emg\trase\trase6.htm --> ftp.tripod.com / trase6.htm
100.04.15 11:43 B C:\emg\trase\trase7.htm --> ftp.tripod.com / trase7.htm
100.04.15 11:43 B C:\emg\trase\trase8.htm --> ftp.tripod.com / trase8.htm
100.04.15 11:43 B C:\emg\trase\trase9.htm --> ftp.tripod.com / trase9.htm
100.04.15 11:43 B C:\emg\trase\ulnar-m-gruber2.jpg --> ftp.tripod.com / ulnar-m-gruber2.jpg
100.04.15 11:44 B C:\emg\trase\ulnar-santim.jpg --> ftp.tripod.com / ulnar-santim.jpg
100.04.25 00:20 B C:\emg\trase\26a.jpg --> www.turk-eegemg.org /home/www/turkee/trase 26a.jpg
100.04.25 00:24 B C:\emg\trase\26b.jpg --> www.turk-eegemg.org /home/www/turkee/trase 26b.jpg
100.04.25 00:24 B C:\emg\trase\26c.jpg --> www.turk-eegemg.org /home/www/turkee/trase 26c.jpg
100.04.25 00:24 B C:\emg\trase\26d.jpg --> www.turk-eegemg.org /home/www/turkee/trase 26d.jpg
100.04.25 00:24 B C:\emg\trase\26e.jpg --> www.turk-eegemg.org /home/www/turkee/trase 26e.jpg
100.04.25 00:24 B C:\emg\trase\trase.htm --> www.turk-eegemg.org /home/www/turkee/trase trase.htm
100.04.25 00:24 B C:\emg\trase\trase26.htm --> www.turk-eegemg.org /home/www/turkee/trase trase26.htm
100.05.14 19:13 B C:\emg\trase\trase2.htm --> ftp.tripod.com / trase2.htm
100.05.14 19:17 B C:\emg\trase\trase26.htm --> ftp.tripod.com / trase26.htm
100.05.14 19:18 B C:\emg\trase\26a.jpg --> ftp.tripod.com / 26a.jpg
100.05.14 19:18 B C:\emg\trase\26b.jpg --> ftp.tripod.com / 26b.jpg
100.05.14 19:18 B C:\emg\trase\26c.jpg --> ftp.tripod.com / 26c.jpg
100.05.14 19:18 B C:\emg\trase\26d.jpg --> ftp.tripod.com / 26d.jpg
100.05.14 19:19 B C:\emg\trase\26e.jpg --> ftp.tripod.com / 26e.jpg
100.10.21 22:01 B C:\emg\trase\27.jpg --> www.turk-eegemg.org /home/www/turkee/trase 27.jpg
100.10.21 22:02 B C:\emg\trase\28.jpg --> www.turk-eegemg.org /home/www/turkee/trase 28.jpg
100.10.21 22:02 B C:\emg\trase\trase.htm --> www.turk-eegemg.org /home/www/turkee/trase trase.htm
100.10.21 22:02 B C:\emg\trase\trase27.htm --> www.turk-eegemg.org /home/www/turkee/trase trase27.htm
100.10.21 22:02 B C:\emg\trase\trase28.htm --> www.turk-eegemg.org /home/www/turkee/trase trase28.htm
100.10.24 22:49 B C:\emg\trase\29a.jpg --> www.turk-eegemg.org /home/www/turkee/trase 29a.jpg
100.10.24 22:50 B C:\emg\trase\29b.jpg --> www.turk-eegemg.org /home/www/turkee/trase 29b.jpg
100.10.24 22:50 B C:\emg\trase\30a.jpg --> www.turk-eegemg.org /home/www/turkee/trase 30a.jpg
100.10.24 22:50 B C:\emg\trase\30b.jpg --> www.turk-eegemg.org /home/www/turkee/trase 30b.jpg
100.10.24 22:50 B C:\emg\trase\trase.htm --> www.turk-eegemg.org /home/www/turkee/trase trase.htm
100.10.24 22:50 B C:\emg\trase\trase29.htm --> www.turk-eegemg.org /home/www/turkee/trase trase29.htm
100.10.24 22:50 B C:\emg\trase\trase30.htm --> www.turk-eegemg.org /home/www/turkee/trase trase30.htm
100.10.24 22:52 B C:\emg\trase\trase28.htm <-- emg /home/www/turkee/trase trase28.htm
100.11.05 22:15 B C:\emg\trase\31a.jpg --> www.turk-eegemg.org /home/www/turkee/trase 31a.jpg
100.11.05 22:15 B C:\emg\trase\31b.jpg --> www.turk-eegemg.org /home/www/turkee/trase 31b.jpg
100.11.05 22:16 B C:\emg\trase\31c.jpg --> www.turk-eegemg.org /home/www/turkee/trase 31c.jpg
100.11.05 22:16 B C:\emg\trase\32a.jpg --> www.turk-eegemg.org /home/www/turkee/trase 32a.jpg
100.11.05 22:16 B C:\emg\trase\32b.jpg --> www.turk-eegemg.org /home/www/turkee/trase 32b.jpg
100.11.05 22:16 B C:\emg\trase\32c.jpg --> www.turk-eegemg.org /home/www/turkee/trase 32c.jpg
100.11.05 22:16 B C:\emg\trase\trase.htm --> www.turk-eegemg.org /home/www/turkee/trase trase.htm
100.11.05 22:16 B C:\emg\trase\trase31.htm --> www.turk-eegemg.org /home/www/turkee/trase trase31.htm
100.11.05 22:17 B C:\emg\trase\trase32.htm --> www.turk-eegemg.org /home/www/turkee/trase trase32.htm
100.11.05 22:31 B C:\emg\trase\wind_paper.gif --> www.turk-eegemg.org /home/www/turkee/trase wind_paper.gif
100.11.07 21:44 B C:\emg\trase\trase31.htm --> www.turk-eegemg.org /home/www/turkee/trase trase31.htm
100.11.07 21:45 B C:\emg\trase\trase32.htm --> www.turk-eegemg.org /home/www/turkee/trase trase32.htm
100.11.07 21:48 B C:\emg\trase\trase.htm --> www.turk-eegemg.org /home/www/turkee/trase trase.htm
100.11.07 21:49 B C:\emg\trase\yeni2.gif --> www.turk-eegemg.org /home/www/turkee/trase yeni2.gif
100.11.07 21:51 B C:\emg\trase\yeni2.gif --> www.turk-eegemg.org /home/www/turkee yeni2.gif
100.11.08 21:24 B C:\emg\trase\trase24.htm --> www.turk-eegemg.org /home/www/turkee/trase trase24.htm
100.11.08 21:31 B C:\emg\trase\33a.jpg --> www.turk-eegemg.org /home/www/turkee/trase 33a.jpg
100.11.08 21:31 B C:\emg\trase\33b.jpg --> www.turk-eegemg.org /home/www/turkee/trase 33b.jpg
100.11.08 21:31 B C:\emg\trase\trase33.htm --> www.turk-eegemg.org /home/www/turkee/trase trase33.htm
100.11.08 21:45 B C:\emg\trase\trase.htm --> www.turk-eegemg.org /home/www/turkee/trase trase.htm
100.11.08 21:51 B C:\emg\trase\buton1.gif --> www.turk-eegemg.org /home/www/turkee/trase buton1.gif
100.11.08 21:51 B C:\emg\trase\trase.htm --> www.turk-eegemg.org /home/www/turkee/trase trase.htm
100.12.28 01:17 B C:\emg\trase\34.jpg --> www.turk-eegemg.org /home/www/turkee/trase 34.jpg
100.12.28 01:18 B C:\emg\trase\trase.htm --> www.turk-eegemg.org /home/www/turkee/trase trase.htm
100.12.28 01:18 B C:\emg\trase\trase34.htm --> www.turk-eegemg.org /home/www/turkee/trase trase34.htm
101.01.03 23:46 B C:\emg\trase\trase.htm --> www.turk-eegemg.org /home/www/turkee/trase trase.htm
101.03.20 01:05 B D:\emg\trase\35.jpg --> www.turk-eegemg.org /home/www/turkee/trase 35.jpg
101.03.20 01:05 B D:\emg\trase\trase.htm --> www.turk-eegemg.org /home/www/turkee/trase trase.htm
101.03.20 01:06 B D:\emg\trase\trase35.htm --> www.turk-eegemg.org /home/www/turkee/trase trase35.htm
101.04.11 22:41 B D:\emg\trase\trase35.htm --> www.turk-eegemg.org /trase trase35.htm
101.04.11 22:45 B D:\emg\trase\trase35.htm <-- eeg-emg /trase trase35.htm
101.04.11 22:46 B D:\emg\trase\36.jpg --> www.turk-eegemg.org /trase 36.jpg
101.04.11 22:46 B D:\emg\trase\trase36.htm --> www.turk-eegemg.org /trase trase36.htm
101.04.11 22:47 B D:\emg\trase\trase.htm --> www.turk-eegemg.org /trase trase.htm
101.04.11 22:50 B D:\emg\trase\trase35.htm --> www.turk-eegemg.org /trase trase35.htm
101.07.15 00:31 B D:\emg\trase\40.jpg --> www.turk-eegemg.org /trase 40.jpg
101.07.15 00:31 B D:\emg\trase\trase.htm --> www.turk-eegemg.org /trase trase.htm
101.07.15 00:31 B D:\emg\trase\trase40.htm --> www.turk-eegemg.org /trase trase40.htm
101.07.15 23:07 B D:\emg\trase\trase.htm --> www.turk-eegemg.org /trase trase.htm
102.01.26 09:47 B D:\emg\trase\20a.jpg --> ftp.itfnoroloji.org /d:/WebHosting/noroloji/trase 20a.jpg
102.01.26 09:47 B D:\emg\trase\20b.jpg --> ftp.itfnoroloji.org /d:/WebHosting/noroloji/trase 20b.jpg
102.01.26 09:47 B D:\emg\trase\20c.jpg --> ftp.itfnoroloji.org /d:/WebHosting/noroloji/trase 20c.jpg
102.01.26 09:47 B D:\emg\trase\20d.jpg --> ftp.itfnoroloji.org /d:/WebHosting/noroloji/trase 20d.jpg
102.01.26 09:47 B D:\emg\trase\21.jpg --> ftp.itfnoroloji.org /d:/WebHosting/noroloji/trase 21.jpg
102.01.26 09:48 B D:\emg\trase\22.jpg --> ftp.itfnoroloji.org /d:/WebHosting/noroloji/trase 22.jpg
102.01.26 09:48 B D:\emg\trase\23.jpg --> ftp.itfnoroloji.org /d:/WebHosting/noroloji/trase 23.jpg
102.01.26 09:48 B D:\emg\trase\24a.jpg --> ftp.itfnoroloji.org /d:/WebHosting/noroloji/trase 24a.jpg
102.01.26 09:48 B D:\emg\trase\24b.jpg --> ftp.itfnoroloji.org /d:/WebHosting/noroloji/trase 24b.jpg
102.01.26 09:48 B D:\emg\trase\24c.jpg --> ftp.itfnoroloji.org /d:/WebHosting/noroloji/trase 24c.jpg
102.01.26 09:48 B D:\emg\trase\24d.jpg --> ftp.itfnoroloji.org /d:/WebHosting/noroloji/trase 24d.jpg
102.01.26 09:48 B D:\emg\trase\25a.jpg --> ftp.itfnoroloji.org /d:/WebHosting/noroloji/trase 25a.jpg
102.01.26 09:49 B D:\emg\trase\25b.jpg --> ftp.itfnoroloji.org /d:/WebHosting/noroloji/trase 25b.jpg
102.01.26 09:49 B D:\emg\trase\25c.jpg --> ftp.itfnoroloji.org /d:/WebHosting/noroloji/trase 25c.jpg
102.01.26 09:49 B D:\emg\trase\26a.jpg --> ftp.itfnoroloji.org /d:/WebHosting/noroloji/trase 26a.jpg
102.01.26 09:49 B D:\emg\trase\26b.jpg --> ftp.itfnoroloji.org /d:/WebHosting/noroloji/trase 26b.jpg
102.01.26 09:49 B D:\emg\trase\26c.jpg --> ftp.itfnoroloji.org /d:/WebHosting/noroloji/trase 26c.jpg
102.01.26 09:49 B D:\emg\trase\26d.jpg --> ftp.itfnoroloji.org /d:/WebHosting/noroloji/trase 26d.jpg
102.01.26 09:49 B D:\emg\trase\26e.jpg --> ftp.itfnoroloji.org /d:/WebHosting/noroloji/trase 26e.jpg
102.01.26 09:49 B D:\emg\trase\27.jpg --> ftp.itfnoroloji.org /d:/WebHosting/noroloji/trase 27.jpg
102.01.26 09:50 B D:\emg\trase\28.jpg --> ftp.itfnoroloji.org /d:/WebHosting/noroloji/trase 28.jpg
102.01.26 09:50 B D:\emg\trase\29a.jpg --> ftp.itfnoroloji.org /d:/WebHosting/noroloji/trase 29a.jpg
102.01.26 09:50 B D:\emg\trase\29b.jpg --> ftp.itfnoroloji.org /d:/WebHosting/noroloji/trase 29b.jpg
102.01.26 09:50 B D:\emg\trase\30a.jpg --> ftp.itfnoroloji.org /d:/WebHosting/noroloji/trase 30a.jpg
102.01.26 09:50 B D:\emg\trase\30b.jpg --> ftp.itfnoroloji.org /d:/WebHosting/noroloji/trase 30b.jpg
102.01.26 09:51 B D:\emg\trase\31a.jpg --> ftp.itfnoroloji.org /d:/WebHosting/noroloji/trase 31a.jpg
102.01.26 09:51 B D:\emg\trase\31b.jpg --> ftp.itfnoroloji.org /d:/WebHosting/noroloji/trase 31b.jpg
102.01.26 09:51 B D:\emg\trase\31c.jpg --> ftp.itfnoroloji.org /d:/WebHosting/noroloji/trase 31c.jpg
102.01.26 09:51 B D:\emg\trase\32a.jpg --> ftp.itfnoroloji.org /d:/WebHosting/noroloji/trase 32a.jpg
102.01.26 09:51 B D:\emg\trase\32b.jpg --> ftp.itfnoroloji.org /d:/WebHosting/noroloji/trase 32b.jpg
102.01.26 09:51 B D:\emg\trase\32c.jpg --> ftp.itfnoroloji.org /d:/WebHosting/noroloji/trase 32c.jpg
102.01.26 09:51 B D:\emg\trase\33a.jpg --> ftp.itfnoroloji.org /d:/WebHosting/noroloji/trase 33a.jpg
102.01.26 09:51 B D:\emg\trase\33b.jpg --> ftp.itfnoroloji.org /d:/WebHosting/noroloji/trase 33b.jpg
102.01.26 09:52 B D:\emg\trase\34.jpg --> ftp.itfnoroloji.org /d:/WebHosting/noroloji/trase 34.jpg
102.01.26 09:52 B D:\emg\trase\35.jpg --> ftp.itfnoroloji.org /d:/WebHosting/noroloji/trase 35.jpg
102.01.26 09:52 B D:\emg\trase\36.jpg --> ftp.itfnoroloji.org /d:/WebHosting/noroloji/trase 36.jpg
102.01.26 09:53 B D:\emg\trase\40.jpg --> ftp.itfnoroloji.org /d:/WebHosting/noroloji/trase 40.jpg
102.01.26 09:53 B D:\emg\trase\aaa.bmp --> ftp.itfnoroloji.org /d:/WebHosting/noroloji/trase aaa.bmp
102.01.26 09:53 B D:\emg\trase\adalgas.jpg --> ftp.itfnoroloji.org /d:/WebHosting/noroloji/trase adalgas.jpg
102.01.26 09:53 B D:\emg\trase\arrow082.gif --> ftp.itfnoroloji.org /d:/WebHosting/noroloji/trase arrow082.gif
102.01.26 09:53 B D:\emg\trase\bilekte.jpg --> ftp.itfnoroloji.org /d:/WebHosting/noroloji/trase bilekte.jpg
102.01.26 09:53 B D:\emg\trase\botox.jpg --> ftp.itfnoroloji.org /d:/WebHosting/noroloji/trase botox.jpg
102.01.26 09:53 B D:\emg\trase\buton1.gif --> ftp.itfnoroloji.org /d:/WebHosting/noroloji/trase buton1.gif
102.01.26 09:54 B D:\emg\trase\Dsc00001.jpg --> ftp.itfnoroloji.org /d:/WebHosting/noroloji/trase Dsc00001.jpg
102.01.26 09:54 B D:\emg\trase\Dsc00008.jpg --> ftp.itfnoroloji.org /d:/WebHosting/noroloji/trase Dsc00008.jpg
102.01.26 09:54 B D:\emg\trase\Dsc00009.jpg --> ftp.itfnoroloji.org /d:/WebHosting/noroloji/trase Dsc00009.jpg
102.01.26 09:54 B D:\emg\trase\ekila.jpg --> ftp.itfnoroloji.org /d:/WebHosting/noroloji/trase ekila.jpg
102.01.26 09:54 B D:\emg\trase\ekilb.jpg --> ftp.itfnoroloji.org /d:/WebHosting/noroloji/trase ekilb.jpg
102.01.26 09:54 B D:\emg\trase\fr.jpg --> ftp.itfnoroloji.org /d:/WebHosting/noroloji/trase fr.jpg
102.01.26 09:54 B D:\emg\trase\greenred_marble.gif --> ftp.itfnoroloji.org /d:/WebHosting/noroloji/trase greenred_marble.gif
102.01.26 09:54 B D:\emg\trase\KIRIK.JPG --> ftp.itfnoroloji.org /d:/WebHosting/noroloji/trase KIRIK.JPG
102.01.26 09:54 B D:\emg\trase\lfcut.jpg --> ftp.itfnoroloji.org /d:/WebHosting/noroloji/trase lfcut.jpg
102.01.26 09:55 B D:\emg\trase\lumb-interos.jpg --> ftp.itfnoroloji.org /d:/WebHosting/noroloji/trase lumb-interos.jpg
102.01.26 10:10 B D:\kitapweb\trase\trase.htm --> ftp.itfnoroloji.org /d:/WebHosting/noroloji/trase trase.htm
102.02.26 22:27 B D:\kitapweb\trase\37-1.jpg --> ftp.itfnoroloji.org /d:/WebHosting/noroloji/trase 37-1.jpg
102.02.26 22:28 B D:\kitapweb\trase\37-2a.jpg --> ftp.itfnoroloji.org /d:/WebHosting/noroloji/trase 37-2a.jpg
102.02.26 22:29 B D:\kitapweb\trase\37-2b.jpg --> ftp.itfnoroloji.org /d:/WebHosting/noroloji/trase 37-2b.jpg
102.02.26 22:30 B D:\kitapweb\trase\37-2c.jpg --> ftp.itfnoroloji.org /d:/WebHosting/noroloji/trase 37-2c.jpg
102.02.26 22:31 B D:\kitapweb\trase\37-3.jpg --> ftp.itfnoroloji.org /d:/WebHosting/noroloji/trase 37-3.jpg
102.02.27 00:15 B D:\kitapweb\trase\37-1.jpg --> ftp.itfnoroloji.org /d:/WebHosting/noroloji/trase 37-1.jpg
102.02.27 00:16 B D:\kitapweb\trase\37-2a.jpg --> ftp.itfnoroloji.org /d:/WebHosting/noroloji/trase 37-2a.jpg
102.02.27 00:16 B D:\kitapweb\trase\37-2b.jpg --> ftp.itfnoroloji.org /d:/WebHosting/noroloji/trase 37-2b.jpg
102.02.27 00:17 B D:\kitapweb\trase\37-2c.jpg --> ftp.itfnoroloji.org /d:/WebHosting/noroloji/trase 37-2c.jpg
102.02.27 00:17 B D:\kitapweb\trase\37-3.jpg --> ftp.itfnoroloji.org /d:/WebHosting/noroloji/trase 37-3.jpg
102.02.27 00:18 B D:\kitapweb\trase\38-1.jpg --> ftp.itfnoroloji.org /d:/WebHosting/noroloji/trase 38-1.jpg
102.02.27 00:18 B D:\kitapweb\trase\38-2.jpg --> ftp.itfnoroloji.org /d:/WebHosting/noroloji/trase 38-2.jpg
102.02.27 00:19 B D:\kitapweb\trase\38-3.jpg --> ftp.itfnoroloji.org /d:/WebHosting/noroloji/trase 38-3.jpg
102.02.27 00:19 B D:\kitapweb\trase\38-4.jpg --> ftp.itfnoroloji.org /d:/WebHosting/noroloji/trase 38-4.jpg
102.02.27 00:20 B D:\kitapweb\trase\38-5.jpg --> ftp.itfnoroloji.org /d:/WebHosting/noroloji/trase 38-5.jpg
102.02.27 00:20 B D:\kitapweb\trase\trase.htm --> ftp.itfnoroloji.org /d:/WebHosting/noroloji/trase trase.htm
102.02.27 00:20 B D:\kitapweb\trase\trase37.htm --> ftp.itfnoroloji.org /d:/WebHosting/noroloji/trase trase37.htm
102.02.27 00:20 B D:\kitapweb\trase\trase38.htm --> ftp.itfnoroloji.org /d:/WebHosting/noroloji/trase trase38.htm
102.03.12 09:54 B D:\kitapweb\trase\trase.htm --> ftp.itfnoroloji.org /d:/WebHosting/noroloji/trase trase.htm
102.03.12 10:16 B D:\kitapweb\trase\trase.htm --> ftp.itfnoroloji.org /d:/WebHosting/noroloji/trase trase.htm
