101.01.07 21:55 B D:\kitapweb\semi1\semi1.htm --> ftp.itfnoroloji.org /C:/InetPub/wwwroot/noroloji/semi1 semi1.htm
101.01.07 21:55 B D:\kitapweb\semi1\semi2.htm --> ftp.itfnoroloji.org /C:/InetPub/wwwroot/noroloji/semi1 semi2.htm
101.01.07 22:10 B D:\kitapweb\semi1\semi3.htm --> ftp.itfnoroloji.org /C:/InetPub/wwwroot/noroloji/semi1 semi3.htm
101.01.07 22:10 B D:\kitapweb\semi1\semi4.htm --> ftp.itfnoroloji.org /C:/InetPub/wwwroot/noroloji/semi1 semi4.htm
101.01.07 22:41 B D:\kitapweb\semi1\duyu.htm --> ftp.itfnoroloji.org /C:/InetPub/wwwroot/noroloji/semi1 duyu.htm
101.01.07 22:41 B D:\kitapweb\semi1\kaserimesi.htm --> ftp.itfnoroloji.org /C:/InetPub/wwwroot/noroloji/semi1 kaserimesi.htm
101.01.07 22:41 B D:\kitapweb\semi1\kastonus.htm --> ftp.itfnoroloji.org /C:/InetPub/wwwroot/noroloji/semi1 kastonus.htm
101.01.07 22:44 B D:\kitapweb\semi1\semi1.htm --> ftp.itfnoroloji.org /C:/InetPub/wwwroot/noroloji/semi1 semi1.htm
101.01.07 22:45 B D:\kitapweb\semi1\semi1.htm --> ftp.itfnoroloji.org /C:/InetPub/wwwroot/noroloji/semi1 semi1.htm
101.01.07 22:46 B D:\kitapweb\semi1\semi1.htm --> ftp.itfnoroloji.org /C:/InetPub/wwwroot/noroloji/semi1 semi1.htm
101.01.07 22:48 B D:\kitapweb\semi1\semi2.htm --> ftp.itfnoroloji.org /C:/InetPub/wwwroot/noroloji/semi1 semi2.htm
101.01.07 22:53 B D:\kitapweb\semi1\babinski.jpg --> ftp.itfnoroloji.org /C:/InetPub/wwwroot/noroloji/semi1 babinski.jpg
101.01.07 22:53 B D:\kitapweb\semi1\bsequard.jpg --> ftp.itfnoroloji.org /C:/InetPub/wwwroot/noroloji/semi1 bsequard.jpg
101.01.07 22:54 B D:\kitapweb\semi1\charcot.jpg --> ftp.itfnoroloji.org /C:/InetPub/wwwroot/noroloji/semi1 charcot.jpg
101.01.07 22:54 B D:\kitapweb\semi1\semi3.htm --> ftp.itfnoroloji.org /C:/InetPub/wwwroot/noroloji/semi1 semi3.htm
101.01.07 22:56 B D:\kitapweb\semi1\duchenne.jpg --> ftp.itfnoroloji.org /C:/InetPub/wwwroot/noroloji/semi1 duchenne.jpg
101.01.07 22:57 B D:\kitapweb\semi1\duyu.htm --> ftp.itfnoroloji.org /C:/InetPub/wwwroot/noroloji/semi1 duyu.htm
101.01.07 22:57 B D:\kitapweb\semi1\erb.jpg --> ftp.itfnoroloji.org /C:/InetPub/wwwroot/noroloji/semi1 erb.jpg
101.01.07 22:57 B D:\kitapweb\semi1\kaserimesi.htm --> ftp.itfnoroloji.org /C:/InetPub/wwwroot/noroloji/semi1 kaserimesi.htm
101.01.07 23:00 B D:\kitapweb\semi1\huntington.jpg --> ftp.itfnoroloji.org /C:/InetPub/wwwroot/noroloji/semi1 huntington.jpg
101.01.07 23:00 B D:\kitapweb\semi1\kaserimesi.htm --> ftp.itfnoroloji.org /C:/InetPub/wwwroot/noroloji/semi1 kaserimesi.htm
101.01.07 23:00 B D:\kitapweb\semi1\kastonus.htm --> ftp.itfnoroloji.org /C:/InetPub/wwwroot/noroloji/semi1 kastonus.htm
101.01.07 23:00 B D:\kitapweb\semi1\semi4.htm --> ftp.itfnoroloji.org /C:/InetPub/wwwroot/noroloji/semi1 semi4.htm
101.01.07 23:05 B D:\kitapweb\semi1\cbernard.jpg --> ftp.itfnoroloji.org /C:/InetPub/wwwroot/noroloji/semi1 cbernard.jpg
101.01.07 23:05 B D:\kitapweb\semi1\duyu.htm --> ftp.itfnoroloji.org /C:/InetPub/wwwroot/noroloji/semi1 duyu.htm
101.01.07 23:05 B D:\kitapweb\semi1\kaserimesi.htm --> ftp.itfnoroloji.org /C:/InetPub/wwwroot/noroloji/semi1 kaserimesi.htm
101.01.07 23:05 B D:\kitapweb\semi1\kastonus.htm --> ftp.itfnoroloji.org /C:/InetPub/wwwroot/noroloji/semi1 kastonus.htm
101.01.07 23:06 B D:\kitapweb\semi1\romberg.jpg --> ftp.itfnoroloji.org /C:/InetPub/wwwroot/noroloji/semi1 romberg.jpg
101.01.07 23:06 B D:\kitapweb\semi1\semi1.htm --> ftp.itfnoroloji.org /C:/InetPub/wwwroot/noroloji/semi1 semi1.htm
101.01.07 23:06 B D:\kitapweb\semi1\semi2.htm --> ftp.itfnoroloji.org /C:/InetPub/wwwroot/noroloji/semi1 semi2.htm
101.01.07 23:06 B D:\kitapweb\semi1\semi3.htm --> ftp.itfnoroloji.org /C:/InetPub/wwwroot/noroloji/semi1 semi3.htm
101.01.07 23:07 B D:\kitapweb\semi1\semi4.htm --> ftp.itfnoroloji.org /C:/InetPub/wwwroot/noroloji/semi1 semi4.htm
101.01.09 00:26 B D:\kitapweb\semi1\semi3.htm --> ftp.itfnoroloji.org /C:/InetPub/wwwroot/noroloji/semi1 semi3.htm
101.01.09 01:01 B D:\kitapweb\semi1\koordinasyon.htm --> ftp.itfnoroloji.org /C:/InetPub/wwwroot/noroloji/semi1 koordinasyon.htm
101.01.09 01:01 B D:\kitapweb\semi1\refleks.htm --> ftp.itfnoroloji.org /C:/InetPub/wwwroot/noroloji/semi1 refleks.htm
101.01.09 01:01 B D:\kitapweb\semi1\sfinkter.htm --> ftp.itfnoroloji.org /C:/InetPub/wwwroot/noroloji/semi1 sfinkter.htm
101.01.12 22:02 B D:\kitapweb\semi1\anatomi1.jpg --> ftp.itfnoroloji.org /semi1 anatomi1.jpg
101.01.12 22:09 B D:\kitapweb\semi1\anatomi1.jpg --> ftp.itfnoroloji.org /semi1 anatomi1.jpg
101.01.12 22:10 B D:\kitapweb\semi1\anatomi2.jpg --> ftp.itfnoroloji.org /semi1 anatomi2.jpg
101.01.12 22:10 B D:\kitapweb\semi1\anatomi3.jpg --> ftp.itfnoroloji.org /semi1 anatomi3.jpg
101.01.12 22:11 B D:\kitapweb\semi1\anatomi4.jpg --> ftp.itfnoroloji.org /semi1 anatomi4.jpg
101.01.12 22:11 B D:\kitapweb\semi1\anatomi5.jpg --> ftp.itfnoroloji.org /semi1 anatomi5.jpg
101.01.12 22:11 B D:\kitapweb\semi1\duyu14.jpg --> ftp.itfnoroloji.org /semi1 duyu14.jpg
101.01.12 22:12 B D:\kitapweb\semi1\duyu15.jpg --> ftp.itfnoroloji.org /semi1 duyu15.jpg
101.01.12 22:12 B D:\kitapweb\semi1\duyu16.jpg --> ftp.itfnoroloji.org /semi1 duyu16.jpg
101.01.12 22:12 B D:\kitapweb\semi1\felc6.jpg --> ftp.itfnoroloji.org /semi1 felc6.jpg
101.01.12 22:12 B D:\kitapweb\semi1\felc7.jpg --> ftp.itfnoroloji.org /semi1 felc7.jpg
101.01.12 22:13 B D:\kitapweb\semi1\duyu.htm --> ftp.itfnoroloji.org /semi1 duyu.htm
101.01.12 22:14 B D:\kitapweb\semi1\semi1.htm --> ftp.itfnoroloji.org /semi1 semi1.htm
101.01.12 22:14 B D:\kitapweb\semi1\semi2.htm --> ftp.itfnoroloji.org /semi1 semi2.htm
101.01.12 22:14 B D:\kitapweb\semi1\semi3.htm --> ftp.itfnoroloji.org /semi1 semi3.htm
101.01.12 22:14 B D:\kitapweb\semi1\semi4.htm --> ftp.itfnoroloji.org /semi1 semi4.htm
101.01.12 22:16 B D:\kitapweb\semi1\semi1.htm --> ftp.itfnoroloji.org /semi1 semi1.htm
101.01.12 22:22 B D:\kitapweb\semi1\duyu.htm --> ftp.itfnoroloji.org /semi1 duyu.htm
101.01.12 22:22 B D:\kitapweb\semi1\kaserimesi.htm --> ftp.itfnoroloji.org /semi1 kaserimesi.htm
101.01.12 22:22 B D:\kitapweb\semi1\kastonus.htm --> ftp.itfnoroloji.org /semi1 kastonus.htm
101.01.12 22:23 B D:\kitapweb\semi1\koordinasyon.htm --> ftp.itfnoroloji.org /semi1 koordinasyon.htm
101.01.12 22:23 B D:\kitapweb\semi1\refleks.htm --> ftp.itfnoroloji.org /semi1 refleks.htm
101.01.12 22:23 B D:\kitapweb\semi1\semi2.htm --> ftp.itfnoroloji.org /semi1 semi2.htm
101.01.12 22:23 B D:\kitapweb\semi1\semi3.htm --> ftp.itfnoroloji.org /semi1 semi3.htm
101.01.12 22:23 B D:\kitapweb\semi1\semi4.htm --> ftp.itfnoroloji.org /semi1 semi4.htm
101.01.12 22:23 B D:\kitapweb\semi1\sfinkter.htm --> ftp.itfnoroloji.org /semi1 sfinkter.htm
101.01.12 22:23 B D:\kitapweb\semi1\yuruyus.htm --> ftp.itfnoroloji.org /semi1 yuruyus.htm
101.03.14 00:48 B D:\kitapweb\semi1\erime9.jpg --> ftp.itfnoroloji.org /semi1 erime9.jpg
101.03.14 00:48 B D:\kitapweb\semi1\kaserimesi.htm --> ftp.itfnoroloji.org /semi1 kaserimesi.htm
101.03.14 00:51 B D:\kitapweb\semi1\duyu.htm --> ftp.itfnoroloji.org /semi1 duyu.htm
101.03.14 00:52 B D:\kitapweb\semi1\duyu17a.jpg --> ftp.itfnoroloji.org /semi1 duyu17a.jpg
101.03.14 00:52 B D:\kitapweb\semi1\duyu17B.jpg --> ftp.itfnoroloji.org /semi1 duyu17B.jpg
101.03.14 00:52 B D:\kitapweb\semi1\duyu18.jpg --> ftp.itfnoroloji.org /semi1 duyu18.jpg
101.03.14 00:52 B D:\kitapweb\semi1\duyu19.jpg --> ftp.itfnoroloji.org /semi1 duyu19.jpg
101.03.14 00:53 B D:\kitapweb\semi1\duyu20.jpg --> ftp.itfnoroloji.org /semi1 duyu20.jpg
101.03.14 00:54 B D:\kitapweb\semi1\yuruyus.htm --> ftp.itfnoroloji.org /semi1 yuruyus.htm
101.03.14 00:54 B D:\kitapweb\semi1\yuruyus36.jpg --> ftp.itfnoroloji.org /semi1 yuruyus36.jpg
101.03.14 23:53 B D:\kitapweb\semi1\yuruyus.htm --> ftp.itfnoroloji.org /semi1 yuruyus.htm
101.03.14 23:54 B D:\kitapweb\semi1\yuruyus33.jpg --> ftp.itfnoroloji.org /semi1 yuruyus33.jpg
101.03.20 01:09 B D:\kitapweb\semi1\erime11.jpg --> ftp.itfnoroloji.org /semi1 erime11.jpg
101.03.20 01:09 B D:\kitapweb\semi1\kaserimesi.htm --> ftp.itfnoroloji.org /semi1 kaserimesi.htm
101.03.20 01:11 B D:\kitapweb\semi1\felc8.jpg --> ftp.itfnoroloji.org /semi1 felc8.jpg
101.03.20 01:11 B D:\kitapweb\semi1\semi3.htm --> ftp.itfnoroloji.org /semi1 semi3.htm
101.03.20 01:11 B D:\kitapweb\semi1\semi3.htm --> ftp.itfnoroloji.org /semi1 semi3.htm
101.08.22 00:09 B D:\kitapweb\semi1\duyu.htm --> ftp.itfnoroloji.org /semi1 duyu.htm
101.08.22 00:09 B D:\kitapweb\semi1\duyu20b.jpg --> ftp.itfnoroloji.org /semi1 duyu20b.jpg
101.12.02 11:59 B D:\kitapweb\semi1\semi1.htm --> ftp.itfnoroloji.org /d:/WebHosting/noroloji/semi1 semi1.htm
102.01.06 23:13 B D:\kitapweb\semi1\semi3.htm --> ftp.itfnoroloji.org /d:/WebHosting/noroloji/semi1 semi3.htm
102.01.06 23:13 B D:\kitapweb\semi1\semi4.htm --> ftp.itfnoroloji.org /d:/WebHosting/noroloji/semi1 semi4.htm
102.01.06 23:13 B D:\kitapweb\semi1\duyu.htm --> ftp.itfnoroloji.org /d:/WebHosting/noroloji/semi1 duyu.htm
102.01.06 23:13 B D:\kitapweb\semi1\kaserimesi.htm --> ftp.itfnoroloji.org /d:/WebHosting/noroloji/semi1 kaserimesi.htm
