101.01.17 23:18 B D:\kitapweb\semi2\koma.htm --> ftp.itfnoroloji.org /semi2 koma.htm
101.01.17 23:19 B D:\kitapweb\semi2\koma39.jpg --> ftp.itfnoroloji.org /semi2 koma39.jpg
101.01.17 23:19 B D:\kitapweb\semi2\koma40.jpg --> ftp.itfnoroloji.org /semi2 koma40.jpg
101.01.17 23:19 B D:\kitapweb\semi2\koma41.jpg --> ftp.itfnoroloji.org /semi2 koma41.jpg
101.01.18 08:09 B D:\kitapweb\semi2\koma.htm --> ftp.itfnoroloji.org /semi2 koma.htm
101.01.18 08:09 B D:\kitapweb\semi2\koma41vulp.jpg --> ftp.itfnoroloji.org /semi2 koma41vulp.jpg
101.01.18 08:09 B D:\kitapweb\semi2\komapupilla.jpg --> ftp.itfnoroloji.org /semi2 komapupilla.jpg
101.01.24 22:54 B D:\kitapweb\semi2\21barany.jpg --> ftp.itfnoroloji.org /semi2 21barany.jpg
101.01.24 22:54 B D:\kitapweb\semi2\cr21.jpg --> ftp.itfnoroloji.org /semi2 cr21.jpg
101.01.24 23:07 B D:\kitapweb\semi2\cr21.jpg --> ftp.itfnoroloji.org /semi2 cr21.jpg
101.01.27 10:09 B D:\kitapweb\semi2\cr21.jpg --> ftp.itfnoroloji.org /semi2 cr21.jpg
101.01.27 10:09 B D:\kitapweb\semi2\cr22.jpg --> ftp.itfnoroloji.org /semi2 cr22.jpg
101.01.27 10:10 B D:\kitapweb\semi2\cr23.jpg --> ftp.itfnoroloji.org /semi2 cr23.jpg
101.01.27 10:10 B D:\kitapweb\semi2\cr24.jpg --> ftp.itfnoroloji.org /semi2 cr24.jpg
101.01.27 10:10 B D:\kitapweb\semi2\cr25.jpg --> ftp.itfnoroloji.org /semi2 cr25.jpg
101.01.27 10:11 B D:\kitapweb\semi2\cr26a.jpg --> ftp.itfnoroloji.org /semi2 cr26a.jpg
101.01.27 10:11 B D:\kitapweb\semi2\cr26b.jpg --> ftp.itfnoroloji.org /semi2 cr26b.jpg
101.01.27 10:12 B D:\kitapweb\semi2\cr26c.jpg --> ftp.itfnoroloji.org /semi2 cr26c.jpg
101.01.27 10:13 B D:\kitapweb\semi2\cr26d.jpg --> ftp.itfnoroloji.org /semi2 cr26d.jpg
101.01.27 10:13 B D:\kitapweb\semi2\cr26e.gif --> ftp.itfnoroloji.org /semi2 cr26e.gif
101.01.27 10:13 B D:\kitapweb\semi2\cr26f.jpg --> ftp.itfnoroloji.org /semi2 cr26f.jpg
101.01.27 10:13 B D:\kitapweb\semi2\cr29.jpg --> ftp.itfnoroloji.org /semi2 cr29.jpg
101.01.27 10:13 B D:\kitapweb\semi2\cr30.jpg --> ftp.itfnoroloji.org /semi2 cr30.jpg
101.01.27 10:14 B D:\kitapweb\semi2\cranial.htm --> ftp.itfnoroloji.org /semi2 cranial.htm
101.01.27 10:14 B D:\kitapweb\semi2\koma.htm --> ftp.itfnoroloji.org /semi2 koma.htm
101.01.27 10:14 B D:\kitapweb\semi2\koma39.jpg --> ftp.itfnoroloji.org /semi2 koma39.jpg
101.01.27 10:17 B D:\kitapweb\semi2\cranial.htm --> ftp.itfnoroloji.org /semi2 cranial.htm
101.01.27 10:18 B D:\kitapweb\semi2\Image2.gif --> ftp.itfnoroloji.org /semi2 Image2.gif
101.01.27 10:18 B D:\kitapweb\semi2\Image3.gif --> ftp.itfnoroloji.org /semi2 Image3.gif
101.01.27 10:18 B D:\kitapweb\semi2\Image4.gif --> ftp.itfnoroloji.org /semi2 Image4.gif
101.01.27 10:19 B D:\kitapweb\semi2\Image5.gif --> ftp.itfnoroloji.org /semi2 Image5.gif
101.01.27 10:19 B D:\kitapweb\semi2\Image6.gif --> ftp.itfnoroloji.org /semi2 Image6.gif
101.01.27 10:20 B D:\kitapweb\semi2\koma.htm --> ftp.itfnoroloji.org /semi2 koma.htm
101.01.27 10:20 B D:\kitapweb\semi2\koma39.jpg --> ftp.itfnoroloji.org /semi2 koma39.jpg
101.01.27 10:20 B D:\kitapweb\semi2\koma40.jpg --> ftp.itfnoroloji.org /semi2 koma40.jpg
101.01.27 10:20 B D:\kitapweb\semi2\koma41.jpg --> ftp.itfnoroloji.org /semi2 koma41.jpg
101.01.27 10:21 B D:\kitapweb\semi2\koma41vulp.jpg --> ftp.itfnoroloji.org /semi2 koma41vulp.jpg
101.01.27 10:21 B D:\kitapweb\semi2\komapupilla.jpg --> ftp.itfnoroloji.org /semi2 komapupilla.jpg
101.01.29 21:26 B D:\kitapweb\semi2\cranial.htm --> ftp.itfnoroloji.org /semi2 cranial.htm
101.01.29 21:27 B D:\kitapweb\semi2\icindekiler.htm --> ftp.itfnoroloji.org / icindekiler.htm
101.01.29 21:30 B D:\kitapweb\semi2\cranial.htm --> ftp.itfnoroloji.org /semi2 cranial.htm
101.03.14 00:38 B D:\kitapweb\semi2\BOS.html --> ftp.itfnoroloji.org /semi2 BOS.html
101.03.15 00:39 B D:\kitapweb\semi2\olgu.html --> ftp.itfnoroloji.org /semi2 olgu.html
101.04.01 16:50 B D:\kitapweb\semi2\cr31a.jpg --> ftp.itfnoroloji.org /semi2 cr31a.jpg
101.04.01 16:51 B D:\kitapweb\semi2\cr31b.jpg --> ftp.itfnoroloji.org /semi2 cr31b.jpg
101.04.01 16:51 B D:\kitapweb\semi2\cr31c.jpg --> ftp.itfnoroloji.org /semi2 cr31c.jpg
101.04.01 16:52 B D:\kitapweb\semi2\cranial.htm --> ftp.itfnoroloji.org /semi2 cranial.htm
101.04.19 13:27 B D:\kitapweb\semi2\cr27a.jpg --> ftp.itfnoroloji.org /semi2 cr27a.jpg
101.04.19 13:30 B D:\kitapweb\semi2\cr27b.jpg --> ftp.itfnoroloji.org /semi2 cr27b.jpg
101.04.19 13:30 B D:\kitapweb\semi2\crabdusens.htm --> ftp.itfnoroloji.org /semi2 crabdusens.htm
101.04.19 13:33 B D:\kitapweb\semi2\cranial.htm --> ftp.itfnoroloji.org /semi2 cranial.htm
101.06.20 21:16 B D:\kitapweb\semi2\cr25b.jpg --> ftp.itfnoroloji.org /semi2 cr25b.jpg
101.06.20 21:17 B D:\kitapweb\semi2\cr25c.jpg --> ftp.itfnoroloji.org /semi2 cr25c.jpg
101.06.20 21:17 B D:\kitapweb\semi2\cranial.htm --> ftp.itfnoroloji.org /semi2 cranial.htm
101.09.16 21:38 B D:\kitapweb\semi2\afazimuayene.html --> ftp.itfnoroloji.org /semi2 afazimuayene.html
101.09.16 21:38 B D:\kitapweb\semi2\mentalmuayene.htm --> ftp.itfnoroloji.org /semi2 mentalmuayene.htm
101.09.16 21:57 B D:\kitapweb\semi2\agnozi.htm --> ftp.itfnoroloji.org /semi2 agnozi.htm
101.09.16 21:57 B D:\kitapweb\semi2\demanssemi.htm --> ftp.itfnoroloji.org /semi2 demanssemi.htm
101.09.16 22:01 B D:\kitapweb\semi2\agnozi.htm --> ftp.itfnoroloji.org /semi2 agnozi.htm
101.09.16 22:01 B D:\kitapweb\semi2\agnozi37.jpg --> ftp.itfnoroloji.org /semi2 agnozi37.jpg
101.09.16 22:01 B D:\kitapweb\semi2\Broca.jpg --> ftp.itfnoroloji.org /semi2 Broca.jpg
101.09.16 22:01 B D:\kitapweb\semi2\Wernicke.jpg --> ftp.itfnoroloji.org /semi2 Wernicke.jpg
101.11.12 17:14 B D:\kitapweb\semi2\npsik1.jpg --> ftp.itfnoroloji.org /D:/WebHosting/noroloji/semi2 npsik1.jpg
101.11.12 17:15 B D:\kitapweb\semi2\npsik2.jpg --> ftp.itfnoroloji.org /D:/WebHosting/noroloji/semi2 npsik2.jpg
101.11.12 17:15 B D:\kitapweb\semi2\npsik3.jpg --> ftp.itfnoroloji.org /D:/WebHosting/noroloji/semi2 npsik3.jpg
101.11.12 17:15 B D:\kitapweb\semi2\npsik4.jpg --> ftp.itfnoroloji.org /D:/WebHosting/noroloji/semi2 npsik4.jpg
101.11.12 17:16 B D:\kitapweb\semi2\npsikoloji.htm --> ftp.itfnoroloji.org /D:/WebHosting/noroloji/semi2 npsikoloji.htm
101.11.12 17:19 B D:\kitapweb\semi2\npsikoloji.htm --> ftp.itfnoroloji.org /D:/WebHosting/noroloji/semi2 npsikoloji.htm
