100.11.27 22:52 B D:\kitapweb\klinik\inbck.gif --> ftp.itfnoroloji.org /C:/InetPub/wwwroot/noroloji/klinik inbck.gif
100.11.27 22:53 B D:\kitapweb\klinik\istlogo.jpg --> ftp.itfnoroloji.org /C:/InetPub/wwwroot/noroloji/klinik istlogo.jpg
100.11.27 22:53 B D:\kitapweb\klinik\itf2.htm --> ftp.itfnoroloji.org /C:/InetPub/wwwroot/noroloji/klinik itf2.htm
100.11.27 22:53 B D:\kitapweb\klinik\itfana.htm --> ftp.itfnoroloji.org /C:/InetPub/wwwroot/noroloji/klinik itfana.htm
100.11.27 22:54 B D:\kitapweb\klinik\noronbckgr.gif --> ftp.itfnoroloji.org /C:/InetPub/wwwroot/noroloji/klinik noronbckgr.gif
100.11.27 23:05 B D:\kitapweb\klinik\itf2.htm --> ftp.itfnoroloji.org /C:/InetPub/wwwroot/noroloji/klinik itf2.htm
100.11.27 23:05 B D:\kitapweb\klinik\itfana.htm --> ftp.itfnoroloji.org /C:/InetPub/wwwroot/noroloji/klinik itfana.htm
100.11.27 23:08 B D:\kitapweb\klinik\itf2.htm --> ftp.itfnoroloji.org /C:/InetPub/wwwroot/noroloji/klinik itf2.htm
100.11.27 23:08 B D:\kitapweb\klinik\itfana.htm --> ftp.itfnoroloji.org /C:/InetPub/wwwroot/noroloji/klinik itfana.htm
100.11.27 23:10 B D:\kitapweb\klinik\contents.htm <-- noroloji /C:/InetPub/wwwroot/noroloji contents.htm
100.11.27 23:10 B D:\kitapweb\klinik\main.htm <-- noroloji /C:/InetPub/wwwroot/noroloji main.htm
100.11.27 23:28 B D:\kitapweb\klinik\itf2.htm --> ftp.itfnoroloji.org /C:/InetPub/wwwroot/noroloji/klinik itf2.htm
100.12.05 19:02 B D:\kitapweb\klinik\inbck.gif --> ftp.itfnoroloji.org /C:/Inetpub/wwwroot/noroloji/klinik inbck.gif
100.12.05 19:03 B D:\kitapweb\klinik\istlogo.jpg --> ftp.itfnoroloji.org /C:/Inetpub/wwwroot/noroloji/klinik istlogo.jpg
100.12.05 19:03 B D:\kitapweb\klinik\itf2.htm --> ftp.itfnoroloji.org /C:/Inetpub/wwwroot/noroloji/klinik itf2.htm
100.12.05 19:03 B D:\kitapweb\klinik\itfana.htm --> ftp.itfnoroloji.org /C:/Inetpub/wwwroot/noroloji/klinik itfana.htm
100.12.05 19:04 B D:\kitapweb\klinik\inbck.gif --> ftp.itfnoroloji.org /C:/Inetpub/wwwroot/noroloji/klinik inbck.gif
100.12.05 19:05 B D:\kitapweb\klinik\istlogo.jpg --> ftp.itfnoroloji.org /C:/Inetpub/wwwroot/noroloji/klinik istlogo.jpg
100.12.05 19:05 B D:\kitapweb\klinik\itf2.htm --> ftp.itfnoroloji.org /C:/Inetpub/wwwroot/noroloji/klinik itf2.htm
100.12.05 19:05 B D:\kitapweb\klinik\itfana.htm --> ftp.itfnoroloji.org /C:/Inetpub/wwwroot/noroloji/klinik itfana.htm
100.12.05 19:06 B D:\kitapweb\klinik\noronbckgr.gif --> ftp.itfnoroloji.org /C:/Inetpub/wwwroot/noroloji/klinik noronbckgr.gif
100.12.05 19:06 B D:\kitapweb\klinik\WS_FTP.LOG --> ftp.itfnoroloji.org /C:/Inetpub/wwwroot/noroloji/klinik WS_FTP.LOG
100.12.05 21:32 B D:\kitapweb\klinik\itf2.htm --> ftp.itfnoroloji.org /C:/Inetpub/wwwroot/noroloji/klinik itf2.htm
100.12.05 21:32 B D:\kitapweb\klinik\itfana.htm --> ftp.itfnoroloji.org /C:/Inetpub/wwwroot/noroloji/klinik itfana.htm
100.12.17 13:03 B D:\kitapweb\klinik\inbck.gif --> ftp.itfnoroloji.org /C:/InetPub/wwwroot/noroloji/klinik inbck.gif
100.12.17 13:04 B D:\kitapweb\klinik\istlogo.jpg --> ftp.itfnoroloji.org /C:/InetPub/wwwroot/noroloji/klinik istlogo.jpg
100.12.17 13:04 B D:\kitapweb\klinik\itf2.htm --> ftp.itfnoroloji.org /C:/InetPub/wwwroot/noroloji/klinik itf2.htm
100.12.17 13:04 B D:\kitapweb\klinik\itf3.htm --> ftp.itfnoroloji.org /C:/InetPub/wwwroot/noroloji/klinik itf3.htm
100.12.17 13:04 B D:\kitapweb\klinik\itfana.htm --> ftp.itfnoroloji.org /C:/InetPub/wwwroot/noroloji/klinik itfana.htm
100.12.17 13:04 B D:\kitapweb\klinik\noronbckgr.gif --> ftp.itfnoroloji.org /C:/InetPub/wwwroot/noroloji/klinik noronbckgr.gif
100.12.17 13:04 B D:\kitapweb\klinik\WS_FTP.LOG --> ftp.itfnoroloji.org /C:/InetPub/wwwroot/noroloji/klinik WS_FTP.LOG
100.12.17 13:22 B D:\kitapweb\klinik\itf3.htm --> ftp.itfnoroloji.org /C:/InetPub/wwwroot/noroloji/klinik itf3.htm
101.08.31 15:41 B D:\kitapweb\klinik\itf2.htm --> ftp.itfnoroloji.org /klinik itf2.htm
101.08.31 15:41 B D:\kitapweb\klinik\itf3.htm --> ftp.itfnoroloji.org /klinik itf3.htm
101.08.31 15:44 B D:\kitapweb\klinik\itfana.htm --> ftp.itfnoroloji.org /klinik itfana.htm
101.11.12 17:29 B D:\kitapweb\klinik\itf2.htm --> ftp.itfnoroloji.org /D:/WebHosting/noroloji/klinik itf2.htm
101.11.12 17:30 B D:\kitapweb\klinik\itf2.htm --> ftp.itfnoroloji.org /D:/WebHosting/noroloji/klinik itf2.htm
101.11.19 00:09 B D:\kitapweb\klinik\itf2.htm --> ftp.itfnoroloji.org /D:/WebHosting/noroloji/klinik itf2.htm
101.12.07 19:18 B D:\kitapweb\klinik\itf2.htm --> ftp.itfnoroloji.org /d:/WebHosting/noroloji/klinik itf2.htm
101.12.07 19:18 B D:\kitapweb\klinik\itf3.htm --> ftp.itfnoroloji.org /d:/WebHosting/noroloji/klinik itf3.htm
101.12.07 19:21 B D:\kitapweb\klinik\itf2.htm --> ftp.itfnoroloji.org /d:/WebHosting/noroloji/klinik itf2.htm
101.12.07 19:24 B D:\kitapweb\klinik\itf2.htm --> ftp.itfnoroloji.org /d:/WebHosting/noroloji/klinik itf2.htm
102.03.12 09:52 B D:\kitapweb\klinik\itf2.htm --> ftp.itfnoroloji.org /d:/WebHosting/noroloji/klinik itf2.htm
