100.11.26 23:54 B D:\kitapweb\images\noronbckgr.gif --> ftp.itfnoroloji.org /C:/InetPub/wwwroot/noroloji/images noronbckgr.gif
100.11.27 22:46 B D:\kitapweb\images\aktivite.jpg --> ftp.itfnoroloji.org /C:/InetPub/wwwroot/noroloji/images aktivite.jpg
100.11.27 22:46 B D:\kitapweb\images\calisan.jpg --> ftp.itfnoroloji.org /C:/InetPub/wwwroot/noroloji/images calisan.jpg
100.11.27 22:47 B D:\kitapweb\images\isttiplogo1.jpg --> ftp.itfnoroloji.org /C:/InetPub/wwwroot/noroloji/images isttiplogo1.jpg
100.11.27 22:47 B D:\kitapweb\images\kitap.jpg --> ftp.itfnoroloji.org /C:/InetPub/wwwroot/noroloji/images kitap.jpg
100.11.27 22:47 B D:\kitapweb\images\martý5a.jpg --> ftp.itfnoroloji.org /C:/InetPub/wwwroot/noroloji/images martý5a.jpg
100.11.27 22:50 B D:\kitapweb\images\isttiplogo1.jpg --> ftp.itfnoroloji.org /C:/InetPub/wwwroot/noroloji isttiplogo1.jpg
100.11.27 22:51 B D:\kitapweb\images\aktivite.jpg --> ftp.itfnoroloji.org /C:/InetPub/wwwroot/noroloji aktivite.jpg
100.11.27 22:51 B D:\kitapweb\images\calisan.jpg --> ftp.itfnoroloji.org /C:/InetPub/wwwroot/noroloji calisan.jpg
100.11.27 22:51 B D:\kitapweb\images\kitap.jpg --> ftp.itfnoroloji.org /C:/InetPub/wwwroot/noroloji kitap.jpg
100.11.27 22:51 B D:\kitapweb\images\martý5a.jpg --> ftp.itfnoroloji.org /C:/InetPub/wwwroot/noroloji martý5a.jpg
100.11.27 23:03 B D:\kitapweb\images\noronbckgr.gif --> ftp.itfnoroloji.org /C:/InetPub/wwwroot/noroloji noronbckgr.gif
100.11.27 23:11 B D:\kitapweb\images\body.gif <-- noroloji /C:/InetPub/wwwroot/noroloji/images body.gif
100.11.27 23:11 B D:\kitapweb\images\button.gif <-- noroloji /C:/InetPub/wwwroot/noroloji/images button.gif
100.11.27 23:11 B D:\kitapweb\images\buttony1.gif <-- noroloji /C:/InetPub/wwwroot/noroloji/images buttony1.gif
100.11.27 23:11 B D:\kitapweb\images\buttony2.gif <-- noroloji /C:/InetPub/wwwroot/noroloji/images buttony2.gif
100.11.27 23:11 B D:\kitapweb\images\buttony3.gif <-- noroloji /C:/InetPub/wwwroot/noroloji/images buttony3.gif
100.11.27 23:11 B D:\kitapweb\images\buttony4.gif <-- noroloji /C:/InetPub/wwwroot/noroloji/images buttony4.gif
100.11.27 23:11 B D:\kitapweb\images\email.gif <-- noroloji /C:/InetPub/wwwroot/noroloji/images email.gif
100.11.27 23:11 B D:\kitapweb\images\logo.gif <-- noroloji /C:/InetPub/wwwroot/noroloji/images logo.gif
100.11.27 23:14 B D:\kitapweb\images\body.gif --> ftp.itfnoroloji.org /C:/InetPub/wwwroot/noroloji body.gif
100.11.27 23:14 B D:\kitapweb\images\buton1.gif --> ftp.itfnoroloji.org /C:/InetPub/wwwroot/noroloji buton1.gif
100.11.27 23:14 B D:\kitapweb\images\button.gif --> ftp.itfnoroloji.org /C:/InetPub/wwwroot/noroloji button.gif
100.11.27 23:14 B D:\kitapweb\images\buttony1.gif --> ftp.itfnoroloji.org /C:/InetPub/wwwroot/noroloji buttony1.gif
100.11.27 23:14 B D:\kitapweb\images\buttony2.gif --> ftp.itfnoroloji.org /C:/InetPub/wwwroot/noroloji buttony2.gif
100.11.27 23:14 B D:\kitapweb\images\buttony3.gif --> ftp.itfnoroloji.org /C:/InetPub/wwwroot/noroloji buttony3.gif
100.11.27 23:14 B D:\kitapweb\images\buttony4.gif --> ftp.itfnoroloji.org /C:/InetPub/wwwroot/noroloji buttony4.gif
100.11.27 23:14 B D:\kitapweb\images\drock001.jpg --> ftp.itfnoroloji.org /C:/InetPub/wwwroot/noroloji drock001.jpg
100.11.27 23:15 B D:\kitapweb\images\email.gif --> ftp.itfnoroloji.org /C:/InetPub/wwwroot/noroloji email.gif
100.11.27 23:19 B D:\kitapweb\images\logo.gif --> ftp.itfnoroloji.org /C:/InetPub/wwwroot/noroloji logo.gif
100.11.27 23:21 B D:\kitapweb\images\logo.gif <-- noroloji /C:/InetPub/wwwroot/noroloji logo.gif
100.12.05 18:59 B D:\kitapweb\images\aktivite.jpg --> ftp.itfnoroloji.org /C:/Inetpub/wwwroot/noroloji/images aktivite.jpg
100.12.05 18:59 B D:\kitapweb\images\amblem.jpg --> ftp.itfnoroloji.org /C:/Inetpub/wwwroot/noroloji/images amblem.jpg
100.12.05 18:59 B D:\kitapweb\images\amblem2.jpg --> ftp.itfnoroloji.org /C:/Inetpub/wwwroot/noroloji/images amblem2.jpg
100.12.05 18:59 B D:\kitapweb\images\body.gif --> ftp.itfnoroloji.org /C:/Inetpub/wwwroot/noroloji/images body.gif
100.12.05 18:59 B D:\kitapweb\images\buton1.gif --> ftp.itfnoroloji.org /C:/Inetpub/wwwroot/noroloji/images buton1.gif
100.12.05 18:59 B D:\kitapweb\images\button.gif --> ftp.itfnoroloji.org /C:/Inetpub/wwwroot/noroloji/images button.gif
100.12.05 18:59 B D:\kitapweb\images\buttony1.gif --> ftp.itfnoroloji.org /C:/Inetpub/wwwroot/noroloji/images buttony1.gif
100.12.05 18:59 B D:\kitapweb\images\buttony2.gif --> ftp.itfnoroloji.org /C:/Inetpub/wwwroot/noroloji/images buttony2.gif
100.12.05 18:59 B D:\kitapweb\images\buttony3.gif --> ftp.itfnoroloji.org /C:/Inetpub/wwwroot/noroloji/images buttony3.gif
100.12.05 18:59 B D:\kitapweb\images\buttony4.gif --> ftp.itfnoroloji.org /C:/Inetpub/wwwroot/noroloji/images buttony4.gif
100.12.05 18:59 B D:\kitapweb\images\calisan.jpg --> ftp.itfnoroloji.org /C:/Inetpub/wwwroot/noroloji/images calisan.jpg
100.12.05 18:59 B D:\kitapweb\images\deneme.jpg --> ftp.itfnoroloji.org /C:/Inetpub/wwwroot/noroloji/images deneme.jpg
100.12.05 18:59 B D:\kitapweb\images\drock001.jpg --> ftp.itfnoroloji.org /C:/Inetpub/wwwroot/noroloji/images drock001.jpg
100.12.05 18:59 B D:\kitapweb\images\email.gif --> ftp.itfnoroloji.org /C:/Inetpub/wwwroot/noroloji/images email.gif
100.12.05 18:59 B D:\kitapweb\images\geri.gif --> ftp.itfnoroloji.org /C:/Inetpub/wwwroot/noroloji/images geri.gif
100.12.05 19:00 B D:\kitapweb\images\isttiplogo1.jpg --> ftp.itfnoroloji.org /C:/Inetpub/wwwroot/noroloji/images isttiplogo1.jpg
100.12.05 19:00 B D:\kitapweb\images\isttiplogo2.jpg --> ftp.itfnoroloji.org /C:/Inetpub/wwwroot/noroloji/images isttiplogo2.jpg
100.12.05 19:00 B D:\kitapweb\images\isttiplogo3.jpg --> ftp.itfnoroloji.org /C:/Inetpub/wwwroot/noroloji/images isttiplogo3.jpg
100.12.05 19:00 B D:\kitapweb\images\isttiplogo4.jpg --> ftp.itfnoroloji.org /C:/Inetpub/wwwroot/noroloji/images isttiplogo4.jpg
100.12.05 19:00 B D:\kitapweb\images\kitap.jpg --> ftp.itfnoroloji.org /C:/Inetpub/wwwroot/noroloji/images kitap.jpg
100.12.05 19:00 B D:\kitapweb\images\logo.gif --> ftp.itfnoroloji.org /C:/Inetpub/wwwroot/noroloji/images logo.gif
100.12.05 19:01 B D:\kitapweb\images\martý4a.jpg --> ftp.itfnoroloji.org /C:/Inetpub/wwwroot/noroloji/images martý4a.jpg
100.12.05 19:01 B D:\kitapweb\images\martý4b.jpg --> ftp.itfnoroloji.org /C:/Inetpub/wwwroot/noroloji/images martý4b.jpg
100.12.05 19:01 B D:\kitapweb\images\martý5a.jpg --> ftp.itfnoroloji.org /C:/Inetpub/wwwroot/noroloji/images martý5a.jpg
100.12.05 19:01 B D:\kitapweb\images\martý5b.jpg --> ftp.itfnoroloji.org /C:/Inetpub/wwwroot/noroloji/images martý5b.jpg
100.12.05 19:01 B D:\kitapweb\images\noronbckgr.gif --> ftp.itfnoroloji.org /C:/Inetpub/wwwroot/noroloji/images noronbckgr.gif
100.12.05 19:02 B D:\kitapweb\images\noronbckgr2.gif --> ftp.itfnoroloji.org /C:/Inetpub/wwwroot/noroloji/images noronbckgr2.gif
